<?xml version="1.0" encoding="UTF-8"?>
<!-- Generated by org.testng.reporters.JUnitReportReporter -->
<testsuite hostname="DESKTOP-JD34VKV" failures="0" tests="1" name="testcases.LoginPage" time="3.681" errors="0" timestamp="2024-04-03T18:28:32 IST" skipped="0">
  <testcase classname="testcases.LoginPage" name="login" time="3.681"/>
</testsuite> <!-- testcases.LoginPage -->
