<?xml version="1.0" encoding="UTF-8"?>
<!-- Generated by org.testng.reporters.JUnitReportReporter -->
<testsuite hostname="DESKTOP-JD34VKV" failures="0" tests="1" name="testcases.AddUser" time="6.069" errors="0" timestamp="2024-04-03T18:28:32 IST" skipped="0">
  <testcase classname="testcases.AddUser" name="adduser" time="6.069"/>
</testsuite> <!-- testcases.AddUser -->
